This is pdfTeX, Version 3.14159265-2.6-1.40.15 (TeX Live 2015/dev/Debian) (preloaded format=pdflatex 2015.10.1)  2 NOV 2015 19:42
entering extended mode
 restricted \write18 enabled.
 %&-line parsing enabled.
**04-dynamic-doc.tex
(./04-dynamic-doc.tex
LaTeX2e <2014/05/01>
Babel <3.9l> and hyphenation patterns for 2 languages loaded.
(/usr/share/texlive/texmf-dist/tex/latex/base/article.cls
Document Class: article 2014/09/29 v1.4h Standard LaTeX document class
(/usr/share/texlive/texmf-dist/tex/latex/base/size10.clo
File: size10.clo 2014/09/29 v1.4h Standard LaTeX file (size option)
)
\c@part=\count79
\c@section=\count80
\c@subsection=\count81
\c@subsubsection=\count82
\c@paragraph=\count83
\c@subparagraph=\count84
\c@figure=\count85
\c@table=\count86
\abovecaptionskip=\skip41
\belowcaptionskip=\skip42
\bibindent=\dimen102
)
(/usr/share/texlive/texmf-dist/tex/latex/graphics/graphicx.sty
Package: graphicx 2014/04/25 v1.0g Enhanced LaTeX Graphics (DPC,SPQR)

(/usr/share/texlive/texmf-dist/tex/latex/graphics/keyval.sty
Package: keyval 2014/05/08 v1.15 key=value parser (DPC)
\KV@toks@=\toks14
)
(/usr/share/texlive/texmf-dist/tex/latex/graphics/graphics.sty
Package: graphics 2009/02/05 v1.0o Standard LaTeX Graphics (DPC,SPQR)

(/usr/share/texlive/texmf-dist/tex/latex/graphics/trig.sty
Package: trig 1999/03/16 v1.09 sin cos tan (DPC)
)
(/usr/share/texlive/texmf-dist/tex/latex/latexconfig/graphics.cfg
File: graphics.cfg 2010/04/23 v1.9 graphics configuration of TeX Live
)
Package graphics Info: Driver file: pdftex.def on input line 91.

(/usr/share/texlive/texmf-dist/tex/latex/pdftex-def/pdftex.def
File: pdftex.def 2011/05/27 v0.06d Graphics/color for pdfTeX

(/usr/share/texlive/texmf-dist/tex/generic/oberdiek/infwarerr.sty
Package: infwarerr 2010/04/08 v1.3 Providing info/warning/error messages (HO)
)
(/usr/share/texlive/texmf-dist/tex/generic/oberdiek/ltxcmds.sty
Package: ltxcmds 2011/11/09 v1.22 LaTeX kernel commands for general use (HO)
)
\Gread@gobject=\count87
))
\Gin@req@height=\dimen103
\Gin@req@width=\dimen104
)
(/usr/share/texlive/texmf-dist/tex/latex/graphics/color.sty
Package: color 2014/04/23 v1.1a Standard LaTeX Color (DPC)

(/usr/share/texlive/texmf-dist/tex/latex/latexconfig/color.cfg
File: color.cfg 2007/01/18 v1.5 color configuration of teTeX/TeXLive
)
Package color Info: Driver file: pdftex.def on input line 137.
) (./framed.sty
Package: framed 2011/10/22 v 0.96: framed or shaded text with page breaks
\OuterFrameSep=\skip43
\fb@frw=\dimen105
\fb@frh=\dimen106
\FrameRule=\dimen107
\FrameSep=\dimen108
) (/usr/share/texlive/texmf-dist/tex/latex/base/alltt.sty
Package: alltt 1997/06/16 v2.0g defines alltt environment
)
(/usr/share/texlive/texmf-dist/tex/latex/geometry/geometry.sty
Package: geometry 2010/09/12 v5.6 Page Geometry

(/usr/share/texlive/texmf-dist/tex/generic/oberdiek/ifpdf.sty
Package: ifpdf 2011/01/30 v2.3 Provides the ifpdf switch (HO)
Package ifpdf Info: pdfTeX in PDF mode is detected.
)
(/usr/share/texlive/texmf-dist/tex/generic/oberdiek/ifvtex.sty
Package: ifvtex 2010/03/01 v1.5 Detect VTeX and its facilities (HO)
Package ifvtex Info: VTeX not detected.
)
(/usr/share/texlive/texmf-dist/tex/generic/ifxetex/ifxetex.sty
Package: ifxetex 2010/09/12 v0.6 Provides ifxetex conditional
)
\Gm@cnth=\count88
\Gm@cntv=\count89
\c@Gm@tempcnt=\count90
\Gm@bindingoffset=\dimen109
\Gm@wd@mp=\dimen110
\Gm@odd@mp=\dimen111
\Gm@even@mp=\dimen112
\Gm@layoutwidth=\dimen113
\Gm@layoutheight=\dimen114
\Gm@layouthoffset=\dimen115
\Gm@layoutvoffset=\dimen116
\Gm@dimlist=\toks15
)
(/usr/share/texlive/texmf-dist/tex/latex/pgf/frontendlayer/tikz.sty
(/usr/share/texlive/texmf-dist/tex/latex/pgf/basiclayer/pgf.sty
(/usr/share/texlive/texmf-dist/tex/latex/pgf/utilities/pgfrcs.sty
(/usr/share/texlive/texmf-dist/tex/generic/pgf/utilities/pgfutil-common.tex
\pgfutil@everybye=\toks16
\pgfutil@tempdima=\dimen117
\pgfutil@tempdimb=\dimen118

(/usr/share/texlive/texmf-dist/tex/generic/pgf/utilities/pgfutil-common-lists.t
ex)) (/usr/share/texlive/texmf-dist/tex/generic/pgf/utilities/pgfutil-latex.def
\pgfutil@abb=\box26
(/usr/share/texlive/texmf-dist/tex/latex/ms/everyshi.sty
Package: everyshi 2001/05/15 v3.00 EveryShipout Package (MS)
))
(/usr/share/texlive/texmf-dist/tex/generic/pgf/utilities/pgfrcs.code.tex
Package: pgfrcs 2013/12/20 v3.0.0 (rcs-revision 1.28)
))
Package: pgf 2013/12/18 v3.0.0 (rcs-revision 1.14)

(/usr/share/texlive/texmf-dist/tex/latex/pgf/basiclayer/pgfcore.sty
(/usr/share/texlive/texmf-dist/tex/latex/pgf/systemlayer/pgfsys.sty
(/usr/share/texlive/texmf-dist/tex/generic/pgf/systemlayer/pgfsys.code.tex
Package: pgfsys 2013/11/30 v3.0.0 (rcs-revision 1.47)

(/usr/share/texlive/texmf-dist/tex/generic/pgf/utilities/pgfkeys.code.tex
\pgfkeys@pathtoks=\toks17
\pgfkeys@temptoks=\toks18

(/usr/share/texlive/texmf-dist/tex/generic/pgf/utilities/pgfkeysfiltered.code.t
ex
\pgfkeys@tmptoks=\toks19
))
\pgf@x=\dimen119
\pgf@y=\dimen120
\pgf@xa=\dimen121
\pgf@ya=\dimen122
\pgf@xb=\dimen123
\pgf@yb=\dimen124
\pgf@xc=\dimen125
\pgf@yc=\dimen126
\w@pgf@writea=\write3
\r@pgf@reada=\read1
\c@pgf@counta=\count91
\c@pgf@countb=\count92
\c@pgf@countc=\count93
\c@pgf@countd=\count94
\t@pgf@toka=\toks20
\t@pgf@tokb=\toks21
\t@pgf@tokc=\toks22
 (/usr/share/texlive/texmf-dist/tex/generic/pgf/systemlayer/pgf.cfg
File: pgf.cfg 2008/05/14  (rcs-revision 1.7)
)
Driver file for pgf: pgfsys-pdftex.def

(/usr/share/texlive/texmf-dist/tex/generic/pgf/systemlayer/pgfsys-pdftex.def
File: pgfsys-pdftex.def 2013/07/18  (rcs-revision 1.33)

(/usr/share/texlive/texmf-dist/tex/generic/pgf/systemlayer/pgfsys-common-pdf.de
f
File: pgfsys-common-pdf.def 2013/10/10  (rcs-revision 1.13)
)))
(/usr/share/texlive/texmf-dist/tex/generic/pgf/systemlayer/pgfsyssoftpath.code.
tex
File: pgfsyssoftpath.code.tex 2013/09/09  (rcs-revision 1.9)
\pgfsyssoftpath@smallbuffer@items=\count95
\pgfsyssoftpath@bigbuffer@items=\count96
)
(/usr/share/texlive/texmf-dist/tex/generic/pgf/systemlayer/pgfsysprotocol.code.
tex
File: pgfsysprotocol.code.tex 2006/10/16  (rcs-revision 1.4)
)) (/usr/share/texlive/texmf-dist/tex/latex/xcolor/xcolor.sty
Package: xcolor 2007/01/21 v2.11 LaTeX color extensions (UK)

(/usr/share/texlive/texmf-dist/tex/latex/latexconfig/color.cfg
File: color.cfg 2007/01/18 v1.5 color configuration of teTeX/TeXLive
)
Package xcolor Info: Driver file: pdftex.def on input line 225.
LaTeX Info: Redefining \color on input line 702.
Package xcolor Info: Model `cmy' substituted by `cmy0' on input line 1337.
Package xcolor Info: Model `hsb' substituted by `rgb' on input line 1341.
Package xcolor Info: Model `RGB' extended on input line 1353.
Package xcolor Info: Model `HTML' substituted by `rgb' on input line 1355.
Package xcolor Info: Model `Hsb' substituted by `hsb' on input line 1356.
Package xcolor Info: Model `tHsb' substituted by `hsb' on input line 1357.
Package xcolor Info: Model `HSB' substituted by `hsb' on input line 1358.
Package xcolor Info: Model `Gray' substituted by `gray' on input line 1359.
Package xcolor Info: Model `wave' substituted by `hsb' on input line 1360.
)
(/usr/share/texlive/texmf-dist/tex/generic/pgf/basiclayer/pgfcore.code.tex
Package: pgfcore 2010/04/11 v3.0.0 (rcs-revision 1.7)

(/usr/share/texlive/texmf-dist/tex/generic/pgf/math/pgfmath.code.tex
(/usr/share/texlive/texmf-dist/tex/generic/pgf/math/pgfmathcalc.code.tex
(/usr/share/texlive/texmf-dist/tex/generic/pgf/math/pgfmathutil.code.tex)
(/usr/share/texlive/texmf-dist/tex/generic/pgf/math/pgfmathparser.code.tex
\pgfmath@dimen=\dimen127
\pgfmath@count=\count97
\pgfmath@box=\box27
\pgfmath@toks=\toks23
\pgfmath@stack@operand=\toks24
\pgfmath@stack@operation=\toks25
)
(/usr/share/texlive/texmf-dist/tex/generic/pgf/math/pgfmathfunctions.code.tex
(/usr/share/texlive/texmf-dist/tex/generic/pgf/math/pgfmathfunctions.basic.code
.tex)
(/usr/share/texlive/texmf-dist/tex/generic/pgf/math/pgfmathfunctions.trigonomet
ric.code.tex)
(/usr/share/texlive/texmf-dist/tex/generic/pgf/math/pgfmathfunctions.random.cod
e.tex)
(/usr/share/texlive/texmf-dist/tex/generic/pgf/math/pgfmathfunctions.comparison
.code.tex)
(/usr/share/texlive/texmf-dist/tex/generic/pgf/math/pgfmathfunctions.base.code.
tex)
(/usr/share/texlive/texmf-dist/tex/generic/pgf/math/pgfmathfunctions.round.code
.tex)
(/usr/share/texlive/texmf-dist/tex/generic/pgf/math/pgfmathfunctions.misc.code.
tex)
(/usr/share/texlive/texmf-dist/tex/generic/pgf/math/pgfmathfunctions.integerari
thmetics.code.tex)))
(/usr/share/texlive/texmf-dist/tex/generic/pgf/math/pgfmathfloat.code.tex
\c@pgfmathroundto@lastzeros=\count98
))
(/usr/share/texlive/texmf-dist/tex/generic/pgf/basiclayer/pgfcorepoints.code.te
x
File: pgfcorepoints.code.tex 2013/10/07  (rcs-revision 1.27)
\pgf@picminx=\dimen128
\pgf@picmaxx=\dimen129
\pgf@picminy=\dimen130
\pgf@picmaxy=\dimen131
\pgf@pathminx=\dimen132
\pgf@pathmaxx=\dimen133
\pgf@pathminy=\dimen134
\pgf@pathmaxy=\dimen135
\pgf@xx=\dimen136
\pgf@xy=\dimen137
\pgf@yx=\dimen138
\pgf@yy=\dimen139
\pgf@zx=\dimen140
\pgf@zy=\dimen141
)
(/usr/share/texlive/texmf-dist/tex/generic/pgf/basiclayer/pgfcorepathconstruct.
code.tex
File: pgfcorepathconstruct.code.tex 2013/10/07  (rcs-revision 1.29)
\pgf@path@lastx=\dimen142
\pgf@path@lasty=\dimen143
)
(/usr/share/texlive/texmf-dist/tex/generic/pgf/basiclayer/pgfcorepathusage.code
.tex
File: pgfcorepathusage.code.tex 2013/12/13  (rcs-revision 1.23)
\pgf@shorten@end@additional=\dimen144
\pgf@shorten@start@additional=\dimen145
)
(/usr/share/texlive/texmf-dist/tex/generic/pgf/basiclayer/pgfcorescopes.code.te
x
File: pgfcorescopes.code.tex 2013/10/09  (rcs-revision 1.44)
\pgfpic=\box28
\pgf@hbox=\box29
\pgf@layerbox@main=\box30
\pgf@picture@serial@count=\count99
)
(/usr/share/texlive/texmf-dist/tex/generic/pgf/basiclayer/pgfcoregraphicstate.c
ode.tex
File: pgfcoregraphicstate.code.tex 2013/09/19  (rcs-revision 1.11)
\pgflinewidth=\dimen146
)
(/usr/share/texlive/texmf-dist/tex/generic/pgf/basiclayer/pgfcoretransformation
s.code.tex
File: pgfcoretransformations.code.tex 2013/10/10  (rcs-revision 1.17)
\pgf@pt@x=\dimen147
\pgf@pt@y=\dimen148
\pgf@pt@temp=\dimen149
)
(/usr/share/texlive/texmf-dist/tex/generic/pgf/basiclayer/pgfcorequick.code.tex
File: pgfcorequick.code.tex 2008/10/09  (rcs-revision 1.3)
)
(/usr/share/texlive/texmf-dist/tex/generic/pgf/basiclayer/pgfcoreobjects.code.t
ex
File: pgfcoreobjects.code.tex 2006/10/11  (rcs-revision 1.2)
)
(/usr/share/texlive/texmf-dist/tex/generic/pgf/basiclayer/pgfcorepathprocessing
.code.tex
File: pgfcorepathprocessing.code.tex 2013/09/09  (rcs-revision 1.9)
)
(/usr/share/texlive/texmf-dist/tex/generic/pgf/basiclayer/pgfcorearrows.code.te
x
File: pgfcorearrows.code.tex 2013/11/07  (rcs-revision 1.40)
\pgfarrowsep=\dimen150
)
(/usr/share/texlive/texmf-dist/tex/generic/pgf/basiclayer/pgfcoreshade.code.tex
File: pgfcoreshade.code.tex 2013/07/15  (rcs-revision 1.15)
\pgf@max=\dimen151
\pgf@sys@shading@range@num=\count100
)
(/usr/share/texlive/texmf-dist/tex/generic/pgf/basiclayer/pgfcoreimage.code.tex
File: pgfcoreimage.code.tex 2013/07/15  (rcs-revision 1.18)

(/usr/share/texlive/texmf-dist/tex/generic/pgf/basiclayer/pgfcoreexternal.code.
tex
File: pgfcoreexternal.code.tex 2013/07/15  (rcs-revision 1.20)
\pgfexternal@startupbox=\box31
))
(/usr/share/texlive/texmf-dist/tex/generic/pgf/basiclayer/pgfcorelayers.code.te
x
File: pgfcorelayers.code.tex 2013/07/18  (rcs-revision 1.7)
)
(/usr/share/texlive/texmf-dist/tex/generic/pgf/basiclayer/pgfcoretransparency.c
ode.tex
File: pgfcoretransparency.code.tex 2013/09/30  (rcs-revision 1.5)
)
(/usr/share/texlive/texmf-dist/tex/generic/pgf/basiclayer/pgfcorepatterns.code.
tex
File: pgfcorepatterns.code.tex 2013/11/07  (rcs-revision 1.5)
)))
(/usr/share/texlive/texmf-dist/tex/generic/pgf/modules/pgfmoduleshapes.code.tex
File: pgfmoduleshapes.code.tex 2013/10/31  (rcs-revision 1.34)
\pgfnodeparttextbox=\box32
) (/usr/share/texlive/texmf-dist/tex/generic/pgf/modules/pgfmoduleplot.code.tex
File: pgfmoduleplot.code.tex 2013/07/31  (rcs-revision 1.12)
)
(/usr/share/texlive/texmf-dist/tex/latex/pgf/compatibility/pgfcomp-version-0-65
.sty
Package: pgfcomp-version-0-65 2007/07/03 v3.0.0 (rcs-revision 1.7)
\pgf@nodesepstart=\dimen152
\pgf@nodesepend=\dimen153
)
(/usr/share/texlive/texmf-dist/tex/latex/pgf/compatibility/pgfcomp-version-1-18
.sty
Package: pgfcomp-version-1-18 2007/07/23 v3.0.0 (rcs-revision 1.1)
)) (/usr/share/texlive/texmf-dist/tex/latex/pgf/utilities/pgffor.sty
(/usr/share/texlive/texmf-dist/tex/latex/pgf/utilities/pgfkeys.sty
(/usr/share/texlive/texmf-dist/tex/generic/pgf/utilities/pgfkeys.code.tex))
(/usr/share/texlive/texmf-dist/tex/latex/pgf/math/pgfmath.sty
(/usr/share/texlive/texmf-dist/tex/generic/pgf/math/pgfmath.code.tex))
(/usr/share/texlive/texmf-dist/tex/generic/pgf/utilities/pgffor.code.tex
Package: pgffor 2013/12/13 v3.0.0 (rcs-revision 1.25)

(/usr/share/texlive/texmf-dist/tex/generic/pgf/math/pgfmath.code.tex)
\pgffor@iter=\dimen154
\pgffor@skip=\dimen155
\pgffor@stack=\toks26
\pgffor@toks=\toks27
))
(/usr/share/texlive/texmf-dist/tex/generic/pgf/frontendlayer/tikz/tikz.code.tex
Package: tikz 2013/12/13 v3.0.0 (rcs-revision 1.142)

(/usr/share/texlive/texmf-dist/tex/generic/pgf/libraries/pgflibraryplothandlers
.code.tex
File: pgflibraryplothandlers.code.tex 2013/08/31 v3.0.0 (rcs-revision 1.20)
\pgf@plot@mark@count=\count101
\pgfplotmarksize=\dimen156
)
\tikz@lastx=\dimen157
\tikz@lasty=\dimen158
\tikz@lastxsaved=\dimen159
\tikz@lastysaved=\dimen160
\tikzleveldistance=\dimen161
\tikzsiblingdistance=\dimen162
\tikz@figbox=\box33
\tikz@figbox@bg=\box34
\tikz@tempbox=\box35
\tikz@tempbox@bg=\box36
\tikztreelevel=\count102
\tikznumberofchildren=\count103
\tikznumberofcurrentchild=\count104
\tikz@fig@count=\count105

(/usr/share/texlive/texmf-dist/tex/generic/pgf/modules/pgfmodulematrix.code.tex
File: pgfmodulematrix.code.tex 2013/09/17  (rcs-revision 1.8)
\pgfmatrixcurrentrow=\count106
\pgfmatrixcurrentcolumn=\count107
\pgf@matrix@numberofcolumns=\count108
)
\tikz@expandcount=\count109

(/usr/share/texlive/texmf-dist/tex/generic/pgf/frontendlayer/tikz/libraries/tik
zlibrarytopaths.code.tex
File: tikzlibrarytopaths.code.tex 2008/06/17 v3.0.0 (rcs-revision 1.2)
)))
(/usr/share/texlive/texmf-dist/tex/latex/booktabs/booktabs.sty
Package: booktabs 2005/04/14 v1.61803 publication quality tables
\heavyrulewidth=\dimen163
\lightrulewidth=\dimen164
\cmidrulewidth=\dimen165
\belowrulesep=\dimen166
\belowbottomsep=\dimen167
\aboverulesep=\dimen168
\abovetopsep=\dimen169
\cmidrulesep=\dimen170
\cmidrulekern=\dimen171
\defaultaddspace=\dimen172
\@cmidla=\count110
\@cmidlb=\count111
\@aboverulesep=\dimen173
\@belowrulesep=\dimen174
\@thisruleclass=\count112
\@lastruleclass=\count113
\@thisrulewidth=\dimen175
) (./biblatex.sty
Package: biblatex 2015/04/19 v3.0 programmable bibliographies (PK/JW/AB)
(./biblatex1.sty
Package: biblatex1 2015/04/19 v3.0 programmable bibliographies (bibtex) (PK/JW/
AB)
 (./etoolbox.sty
Package: etoolbox 2015/08/02 v2.2a e-TeX tools for LaTeX (JAW)

(/usr/share/texlive/texmf-dist/tex/latex/etex-pkg/etex.sty
Package: etex 1998/03/26 v2.0 eTeX basic definition package (PEB)
\et@xins=\count114
)
\etb@tempcnta=\count115
) (./logreq.sty
Package: logreq 2010/08/04 v1.0 xml request logger
\lrq@indent=\count116

(./logreq.def
File: logreq.def 2010/08/04 v1.0 logreq spec v1.0
)) (/usr/share/texlive/texmf-dist/tex/latex/base/ifthen.sty
Package: ifthen 2014/09/29 v1.1c Standard LaTeX ifthen package (DPC)
)
(/usr/share/texlive/texmf-dist/tex/latex/url/url.sty
\Urlmuskip=\muskip10
Package: url 2013/09/16  ver 3.4  Verb mode for urls, etc.
)
\c@tabx@nest=\count117
\c@listtotal=\count118
\c@listcount=\count119
\c@liststart=\count120
\c@liststop=\count121
\c@citecount=\count122
\c@citetotal=\count123
\c@multicitecount=\count124
\c@multicitetotal=\count125
\c@instcount=\count126
\c@maxnames=\count127
\c@minnames=\count128
\c@maxitems=\count129
\c@minitems=\count130
\c@citecounter=\count131
\c@savedcitecounter=\count132
\c@uniquelist=\count133
\c@uniquename=\count134
\c@refsection=\count135
\c@refsegment=\count136
\c@maxextrayear=\count137
\c@maxextraalpha=\count138
\c@abbrvpenalty=\count139
\c@highnamepenalty=\count140
\c@lownamepenalty=\count141
\c@maxparens=\count142
\c@parenlevel=\count143
\blx@tempcnta=\count144
\blx@tempcntb=\count145
\blx@tempcntc=\count146
\blx@maxsection=\count147
\blx@maxsegment=\count148
\blx@notetype=\count149
\blx@parenlevel@text=\count150
\blx@parenlevel@foot=\count151
\labelnumberwidth=\skip44
\labelalphawidth=\skip45
\shorthandwidth=\skip46
\biblabelsep=\skip47
\bibitemsep=\skip48
\bibnamesep=\skip49
\bibinitsep=\skip50
\bibparsep=\skip51
\bibhang=\skip52
\blx@auxin=\read2
\blx@auxout=\write4
\c@mincomprange=\count152
\c@maxcomprange=\count153
\c@mincompwidth=\count154
\c@labelname=\count155
\c@savedlabelname=\count156
\c@author=\count157
\c@savedauthor=\count158
\c@shortauthor=\count159
\c@savedshortauthor=\count160
\c@editor=\count161
\c@savededitor=\count162
\c@editora=\count163
\c@savededitora=\count164
\c@editorb=\count165
\c@savededitorb=\count166
\c@editorc=\count167
\c@savededitorc=\count168
\c@shorteditor=\count169
\c@savedshorteditor=\count170
\c@bookauthor=\count171
\c@savedbookauthor=\count172
\c@translator=\count173
\c@savedtranslator=\count174
\c@annotator=\count175
\c@savedannotator=\count176
\c@commentator=\count177
\c@savedcommentator=\count178
\c@introduction=\count179
\c@savedintroduction=\count180
\c@foreword=\count181
\c@savedforeword=\count182
\c@afterword=\count183
\c@savedafterword=\count184
\c@holder=\count185
\c@savedholder=\count186
\c@namea=\count187
\c@savednamea=\count188
\c@nameb=\count189
\c@savednameb=\count190
\c@namec=\count191
\c@savednamec=\count192
\c@institution=\count193
\c@savedinstitution=\count194
\c@language=\count195
\c@savedlanguage=\count196
\c@location=\count197
\c@savedlocation=\count198
\c@organization=\count199
\c@savedorganization=\count200
\c@origlocation=\count201
\c@savedoriglocation=\count202
\c@origpublisher=\count203
\c@savedorigpublisher=\count204
\c@pageref=\count205
\c@savedpageref=\count206
\c@publisher=\count207
\c@savedpublisher=\count208
\c@lista=\count209
\c@savedlista=\count210
\c@listb=\count211
\c@savedlistb=\count212
\c@listc=\count213
\c@savedlistc=\count214
\c@listd=\count215
\c@savedlistd=\count216
\c@liste=\count217
\c@savedliste=\count218
\c@listf=\count219
\c@savedlistf=\count220
Package biblatex Info: Trying to load compatibility code...
Package biblatex Info: ... file 'blx-compat.def' not found.
Package biblatex Info: Trying to load generic definitions...
Package biblatex Info: ... file 'biblatex.def' not found.
Package biblatex Info: Trying to load bibliography style 'numeric'...
Package biblatex Info: ... file 'numeric.bbx' not found.


! Package biblatex Error: Style 'numeric' not found.

See the biblatex package documentation for explanation.
Type  H <return>  for immediate help.
 ...                                              
                                                  
l.10699 \RequireBibliographyStyle{\blx@bbxfile}
                                               
The bibliography style 'numeric' could not be found.

Package biblatex Info: Trying to load citation style 'numeric'...
Package biblatex Info: ... file 'numeric.cbx' not found.

! Package biblatex Error: Style 'numeric' not found.

See the biblatex package documentation for explanation.
Type  H <return>  for immediate help.
 ...                                              
                                                  
l.10700 \RequireCitationStyle{\blx@cbxfile}
                                           
The citation style 'numeric' could not be found.

Package biblatex Info: Trying to load configuration file...
Package biblatex Info: ... file 'biblatex.cfg' not found.
))

! LaTeX Error: Missing \begin{document}.

See the LaTeX manual or LaTeX Companion for explanation.
Type  H <return>  for immediate help.
 ...                                              
                                                  
l.60 \begin{center}
                   
You're in trouble here.  Try typing  <return>  to proceed.
If that doesn't work, type  X <return>  to quit.

Runaway argument?
{{\uppercase {\Large German Credit Data Scoring using R
! Paragraph ended before \text@command was complete.
<to be read again> 
                   \par 
l.66 ... German Credit Data Scoring using R\par}}}
                                                  
I suspect you've forgotten a `}', causing me to apply this
control sequence to too much text. How can we recover?
My plan is to forget the whole thing and hope for the best.

! Extra }, or forgotten \endgroup.
<argument> ...n Credit Data Scoring using R\par }}
                                                  
l.66 ... German Credit Data Scoring using R\par}}}
                                                  
I've deleted a group-closing symbol because it seems to be
spurious, as in `$x}$'. But perhaps the } is legitimate and
you forgot something else, as in `\hbox{$x}'. In such cases
the way to recover is to insert both the forgotten and the
deleted material, e.g., by typing `I$}'.

! Extra }, or forgotten \endgroup.
\textbf  ...\else \hmode@bgroup \text@command {#1}
                                                  \bfseries \check@icl #1\ch...
l.66 ... German Credit Data Scoring using R\par}}}
                                                  
I've deleted a group-closing symbol because it seems to be
spurious, as in `$x}$'. But perhaps the } is legitimate and
you forgot something else, as in `\hbox{$x}'. In such cases
the way to recover is to insert both the forgotten and the
deleted material, e.g., by typing `I$}'.

! Extra }, or forgotten \endgroup.
<recently read> \egroup 
                        
l.66 ... German Credit Data Scoring using R\par}}}
                                                  
I've deleted a group-closing symbol because it seems to be
spurious, as in `$x}$'. But perhaps the } is legitimate and
you forgot something else, as in `\hbox{$x}'. In such cases
the way to recover is to insert both the forgotten and the
deleted material, e.g., by typing `I$}'.

<hyderabad-university-publishes-mtech.jpg, id=4, 496.85625pt x 496.85625pt>
File: hyderabad-university-publishes-mtech.jpg Graphic file (type jpg)

<use hyderabad-university-publishes-mtech.jpg>
Package pdftex.def Info: hyderabad-university-publishes-mtech.jpg used on input
 line 73.
(pdftex.def)             Requested size: 144.90215pt x 144.90341pt.
LaTeX Font Info:    External font `cmex10' loaded for size
(Font)              <7> on input line 90.
LaTeX Font Info:    External font `cmex10' loaded for size
(Font)              <5> on input line 90.

Overfull \hbox (68.99895pt too wide) in paragraph at lines 61--91
 []$ 
 []

! Undefined control sequence.
\set@color ...\@pdfcolorstack push{\current@color 
                                                  }\aftergroup \reset@color 
l.92 \clearpage
               
The control sequence at the end of the top line
of your error message was never \def'ed. If you have
misspelled it (e.g., `\hobx'), type `I' and the correct
spelling (e.g., `I\hbox'). Otherwise just continue,
and I'll forget about whatever was undefined.

! Undefined control sequence.
\set@color ...\@pdfcolorstack push{\current@color 
                                                  }\aftergroup \reset@color 
l.92 \clearpage
               
The control sequence at the end of the top line
of your error message was never \def'ed. If you have
misspelled it (e.g., `\hobx'), type `I' and the correct
spelling (e.g., `I\hbox'). Otherwise just continue,
and I'll forget about whatever was undefined.

[1

{/var/lib/texmf/fonts/map/pdftex/updmap/pdftex.map} <./hyderabad-university-pub
lishes-mtech.jpg>]

! LaTeX Error: There's no line here to end.

See the LaTeX manual or LaTeX Companion for explanation.
Type  H <return>  for immediate help.
 ...                                              
                                                  
l.97 \newline
             
Your command was ignored.
Type  I <command> <return>  to replace it with another command,
or  <return>  to continue without it.


! LaTeX Error: There's no line here to end.

See the LaTeX manual or LaTeX Companion for explanation.
Type  H <return>  for immediate help.
 ...                                              
                                                  
l.98 \newline
             
Your command was ignored.
Type  I <command> <return>  to replace it with another command,
or  <return>  to continue without it.

(./04-dynamic-doc.toc
! Undefined control sequence.
\set@color ...\@pdfcolorstack push{\current@color 
                                                  }\aftergroup \reset@color 
l.13 ...{\numberline {5.1}Statistical Analysis}{6}
                                                  
The control sequence at the end of the top line
of your error message was never \def'ed. If you have
misspelled it (e.g., `\hobx'), type `I' and the correct
spelling (e.g., `I\hbox'). Otherwise just continue,
and I'll forget about whatever was undefined.

! Undefined control sequence.
\set@color ...\@pdfcolorstack push{\current@color 
                                                  }\aftergroup \reset@color 
l.15 ...n}{\numberline {5.1.1}Chi squared test}{6}
                                                  
The control sequence at the end of the top line
of your error message was never \def'ed. If you have
misspelled it (e.g., `\hobx'), type `I' and the correct
spelling (e.g., `I\hbox'). Otherwise just continue,
and I'll forget about whatever was undefined.

! Undefined control sequence.
\set@color ...\@pdfcolorstack push{\current@color 
                                                  }\aftergroup \reset@color 
l.17 ...erline {5.1.2}T-test: statistical test}{6}
                                                  
The control sequence at the end of the top line
of your error message was never \def'ed. If you have
misspelled it (e.g., `\hobx'), type `I' and the correct
spelling (e.g., `I\hbox'). Otherwise just continue,
and I'll forget about whatever was undefined.

! Undefined control sequence.
\set@color ...\@pdfcolorstack push{\current@color 
                                                  }\aftergroup \reset@color 
l.19 ...ne {5.1.3}Principal Component Analysis}{8}
                                                  
The control sequence at the end of the top line
of your error message was never \def'ed. If you have
misspelled it (e.g., `\hobx'), type `I' and the correct
spelling (e.g., `I\hbox'). Otherwise just continue,
and I'll forget about whatever was undefined.

! Undefined control sequence.
\set@color ...\@pdfcolorstack push{\current@color 
                                                  }\aftergroup \reset@color 
l.21 ...}{\numberline {5.2}Data Transformation}{8}
                                                  
The control sequence at the end of the top line
of your error message was never \def'ed. If you have
misspelled it (e.g., `\hobx'), type `I' and the correct
spelling (e.g., `I\hbox'). Otherwise just continue,
and I'll forget about whatever was undefined.

! Undefined control sequence.
\set@color ...\@pdfcolorstack push{\current@color 
                                                  }\aftergroup \reset@color 
l.23 ...ubsection}{\numberline {5.2.1}Recoding}{8}
                                                  
The control sequence at the end of the top line
of your error message was never \def'ed. If you have
misspelled it (e.g., `\hobx'), type `I' and the correct
spelling (e.g., `I\hbox'). Otherwise just continue,
and I'll forget about whatever was undefined.

! Undefined control sequence.
\set@color ...\@pdfcolorstack push{\current@color 
                                                  }\aftergroup \reset@color 
l.25 ...bsection}{\numberline {5.2.2}Rescaling}{9}
                                                  
The control sequence at the end of the top line
of your error message was never \def'ed. If you have
misspelled it (e.g., `\hobx'), type `I' and the correct
spelling (e.g., `I\hbox'). Otherwise just continue,
and I'll forget about whatever was undefined.

! Undefined control sequence.
\set@color ...\@pdfcolorstack push{\current@color 
                                                  }\aftergroup \reset@color 
l.27 ...tion}{\numberline {5.2.3}Over sampling}{9}
                                                  
The control sequence at the end of the top line
of your error message was never \def'ed. If you have
misspelled it (e.g., `\hobx'), type `I' and the correct
spelling (e.g., `I\hbox'). Otherwise just continue,
and I'll forget about whatever was undefined.

! Undefined control sequence.
\set@color ...\@pdfcolorstack push{\current@color 
                                                  }\aftergroup \reset@color 
l.31 ...{\numberline {6.1}Logistic Regression}{10}
                                                  
The control sequence at the end of the top line
of your error message was never \def'ed. If you have
misspelled it (e.g., `\hobx'), type `I' and the correct
spelling (e.g., `I\hbox'). Otherwise just continue,
and I'll forget about whatever was undefined.

! Undefined control sequence.
\set@color ...\@pdfcolorstack push{\current@color 
                                                  }\aftergroup \reset@color 
l.33 ...ction}{\numberline {6.2}Decision Tree}{15}
                                                  
The control sequence at the end of the top line
of your error message was never \def'ed. If you have
misspelled it (e.g., `\hobx'), type `I' and the correct
spelling (e.g., `I\hbox'). Otherwise just continue,
and I'll forget about whatever was undefined.

! Undefined control sequence.
\set@color ...\@pdfcolorstack push{\current@color 
                                                  }\aftergroup \reset@color 
l.35 ...umberline {6.3}Support Vector Machine}{23}
                                                  
The control sequence at the end of the top line
of your error message was never \def'ed. If you have
misspelled it (e.g., `\hobx'), type `I' and the correct
spelling (e.g., `I\hbox'). Otherwise just continue,
and I'll forget about whatever was undefined.

! Undefined control sequence.
\set@color ...\@pdfcolorstack push{\current@color 
                                                  }\aftergroup \reset@color 
l.37 ...tion}{\numberline {6.4}Neural Network}{27}
                                                  
The control sequence at the end of the top line
of your error message was never \def'ed. If you have
misspelled it (e.g., `\hobx'), type `I' and the correct
spelling (e.g., `I\hbox'). Otherwise just continue,
and I'll forget about whatever was undefined.

! Undefined control sequence.
\set@color ...\@pdfcolorstack push{\current@color 
                                                  }\aftergroup \reset@color 
l.39 ...erline {6.4.1}PCA with Neural network}{31}
                                                  
The control sequence at the end of the top line
of your error message was never \def'ed. If you have
misspelled it (e.g., `\hobx'), type `I' and the correct
spelling (e.g., `I\hbox'). Otherwise just continue,
and I'll forget about whatever was undefined.

! Undefined control sequence.
\set@color ...\@pdfcolorstack push{\current@color 
                                                  }\aftergroup \reset@color 
l.41 ...{\numberline {6.5}k Nearest Neighbour}{32}
                                                  
The control sequence at the end of the top line
of your error message was never \def'ed. If you have
misspelled it (e.g., `\hobx'), type `I' and the correct
spelling (e.g., `I\hbox'). Otherwise just continue,
and I'll forget about whatever was undefined.

! Undefined control sequence.
\set@color ...\@pdfcolorstack push{\current@color 
                                                  }\aftergroup \reset@color 
l.43 ...ction}{\numberline {6.6}Random Forest}{36}
                                                  
The control sequence at the end of the top line
of your error message was never \def'ed. If you have
misspelled it (e.g., `\hobx'), type `I' and the correct
spelling (e.g., `I\hbox'). Otherwise just continue,
and I'll forget about whatever was undefined.

)
\tf@toc=\write5
\openout5 = `04-dynamic-doc.toc'.


! Undefined control sequence.
\set@color ...\@pdfcolorstack push{\current@color 
                                                  }\aftergroup \reset@color 
l.100 \newpage
              
The control sequence at the end of the top line
of your error message was never \def'ed. If you have
misspelled it (e.g., `\hobx'), type `I' and the correct
spelling (e.g., `I\hbox'). Otherwise just continue,
and I'll forget about whatever was undefined.

! Undefined control sequence.
\set@color ...\@pdfcolorstack push{\current@color 
                                                  }\aftergroup \reset@color 
l.100 \newpage
              
The control sequence at the end of the top line
of your error message was never \def'ed. If you have
misspelled it (e.g., `\hobx'), type `I' and the correct
spelling (e.g., `I\hbox'). Otherwise just continue,
and I'll forget about whatever was undefined.

[2

] (./04-dynamic-doc.lof
! Undefined control sequence.
\set@color ...\@pdfcolorstack push{\current@color 
                                                  }\aftergroup \reset@color 
l.3 ...1}{\ignorespaces PCA using eigen value}}{9}
                                                  
The control sequence at the end of the top line
of your error message was never \def'ed. If you have
misspelled it (e.g., `\hobx'), type `I' and the correct
spelling (e.g., `I\hbox'). Otherwise just continue,
and I'll forget about whatever was undefined.

! Undefined control sequence.
\set@color ...\@pdfcolorstack push{\current@color 
                                                  }\aftergroup \reset@color 
l.5 ...espaces ROC Curve-Logistic Regression}}{12}
                                                  
The control sequence at the end of the top line
of your error message was never \def'ed. If you have
misspelled it (e.g., `\hobx'), type `I' and the correct
spelling (e.g., `I\hbox'). Otherwise just continue,
and I'll forget about whatever was undefined.

! Undefined control sequence.
\set@color ...\@pdfcolorstack push{\current@color 
                                                  }\aftergroup \reset@color 
l.7 ...ivity/Specificity-Logistic Regression}}{13}
                                                  
The control sequence at the end of the top line
of your error message was never \def'ed. If you have
misspelled it (e.g., `\hobx'), type `I' and the correct
spelling (e.g., `I\hbox'). Otherwise just continue,
and I'll forget about whatever was undefined.

! Undefined control sequence.
\set@color ...\@pdfcolorstack push{\current@color 
                                                  }\aftergroup \reset@color 
l.9 ... {4}{\ignorespaces Decision Tree Plot}}{20}
                                                  
The control sequence at the end of the top line
of your error message was never \def'ed. If you have
misspelled it (e.g., `\hobx'), type `I' and the correct
spelling (e.g., `I\hbox'). Otherwise just continue,
and I'll forget about whatever was undefined.

! Undefined control sequence.
\set@color ...\@pdfcolorstack push{\current@color 
                                                  }\aftergroup \reset@color 
l.11 ...ignorespaces ROC Curve-Decision Tree}}{21}
                                                  
The control sequence at the end of the top line
of your error message was never \def'ed. If you have
misspelled it (e.g., `\hobx'), type `I' and the correct
spelling (e.g., `I\hbox'). Otherwise just continue,
and I'll forget about whatever was undefined.

! Undefined control sequence.
\set@color ...\@pdfcolorstack push{\current@color 
                                                  }\aftergroup \reset@color 
l.13 ... Tree - Sensitivity/Specificity Plot}}{21}
                                                  
The control sequence at the end of the top line
of your error message was never \def'ed. If you have
misspelled it (e.g., `\hobx'), type `I' and the correct
spelling (e.g., `I\hbox'). Otherwise just continue,
and I'll forget about whatever was undefined.

! Undefined control sequence.
\set@color ...\@pdfcolorstack push{\current@color 
                                                  }\aftergroup \reset@color 
l.15 ...s which belong to one of two classes}}{24}
                                                  
The control sequence at the end of the top line
of your error message was never \def'ed. If you have
misspelled it (e.g., `\hobx'), type `I' and the correct
spelling (e.g., `I\hbox'). Otherwise just continue,
and I'll forget about whatever was undefined.

! Undefined control sequence.
\set@color ...\@pdfcolorstack push{\current@color 
                                                  }\aftergroup \reset@color 
l.17 ...s ROC Curve - Support Vector Machine}}{25}
                                                  
The control sequence at the end of the top line
of your error message was never \def'ed. If you have
misspelled it (e.g., `\hobx'), type `I' and the correct
spelling (e.g., `I\hbox'). Otherwise just continue,
and I'll forget about whatever was undefined.

! Undefined control sequence.
\set@color ...\@pdfcolorstack push{\current@color 
                                                  }\aftergroup \reset@color 
l.19 ...respaces ROC Curve - Neural Networks}}{30}
                                                  
The control sequence at the end of the top line
of your error message was never \def'ed. If you have
misspelled it (e.g., `\hobx'), type `I' and the correct
spelling (e.g., `I\hbox'). Otherwise just continue,
and I'll forget about whatever was undefined.

! Undefined control sequence.
\set@color ...\@pdfcolorstack push{\current@color 
                                                  }\aftergroup \reset@color 
l.21 ...aces ROC Curve - K Nearest Neighbour}}{34}
                                                  
The control sequence at the end of the top line
of your error message was never \def'ed. If you have
misspelled it (e.g., `\hobx'), type `I' and the correct
spelling (e.g., `I\hbox'). Otherwise just continue,
and I'll forget about whatever was undefined.

! Undefined control sequence.
\set@color ...\@pdfcolorstack push{\current@color 
                                                  }\aftergroup \reset@color 
l.23 ... Random Forest - Variable Importance}}{38}
                                                  
The control sequence at the end of the top line
of your error message was never \def'ed. If you have
misspelled it (e.g., `\hobx'), type `I' and the correct
spelling (e.g., `I\hbox'). Otherwise just continue,
and I'll forget about whatever was undefined.

! Undefined control sequence.
\set@color ...\@pdfcolorstack push{\current@color 
                                                  }\aftergroup \reset@color 
l.25 ...norespaces Random Forest - ROC Curve}}{39}
                                                  
The control sequence at the end of the top line
of your error message was never \def'ed. If you have
misspelled it (e.g., `\hobx'), type `I' and the correct
spelling (e.g., `I\hbox'). Otherwise just continue,
and I'll forget about whatever was undefined.

! Undefined control sequence.
\set@color ...\@pdfcolorstack push{\current@color 
                                                  }\aftergroup \reset@color 
l.27 ...paces ROC Curve comparison of models}}{41}
                                                  
The control sequence at the end of the top line
of your error message was never \def'ed. If you have
misspelled it (e.g., `\hobx'), type `I' and the correct
spelling (e.g., `I\hbox'). Otherwise just continue,
and I'll forget about whatever was undefined.

)
\tf@lof=\write6
\openout6 = `04-dynamic-doc.lof'.

 (./04-dynamic-doc.lot
! Undefined control sequence.
\set@color ...\@pdfcolorstack push{\current@color 
                                                  }\aftergroup \reset@color 
l.3 ...}{\ignorespaces Chi squared statistics}}{7}
                                                  
The control sequence at the end of the top line
of your error message was never \def'ed. If you have
misspelled it (e.g., `\hobx'), type `I' and the correct
spelling (e.g., `I\hbox'). Otherwise just continue,
and I'll forget about whatever was undefined.

! Undefined control sequence.
\set@color ...\@pdfcolorstack push{\current@color 
                                                  }\aftergroup \reset@color 
l.5 ...}{\numberline {2}{\ignorespaces t test}}{8}
                                                  
The control sequence at the end of the top line
of your error message was never \def'ed. If you have
misspelled it (e.g., `\hobx'), type `I' and the correct
spelling (e.g., `I\hbox'). Otherwise just continue,
and I'll forget about whatever was undefined.

! Undefined control sequence.
\set@color ...\@pdfcolorstack push{\current@color 
                                                  }\aftergroup \reset@color 
l.7 ...3}{\ignorespaces Comparison of models}}{42}
                                                  
The control sequence at the end of the top line
of your error message was never \def'ed. If you have
misspelled it (e.g., `\hobx'), type `I' and the correct
spelling (e.g., `I\hbox'). Otherwise just continue,
and I'll forget about whatever was undefined.

! Undefined control sequence.
\set@color ...\@pdfcolorstack push{\current@color 
                                                  }\aftergroup \reset@color 
l.9 ...4}{\ignorespaces Performance measures}}{42}
                                                  
The control sequence at the end of the top line
of your error message was never \def'ed. If you have
misspelled it (e.g., `\hobx'), type `I' and the correct
spelling (e.g., `I\hbox'). Otherwise just continue,
and I'll forget about whatever was undefined.

! Undefined control sequence.
\set@color ...\@pdfcolorstack push{\current@color 
                                                  }\aftergroup \reset@color 
l.11 ... Performance of measures with 10 FCV}}{43}
                                                  
The control sequence at the end of the top line
of your error message was never \def'ed. If you have
misspelled it (e.g., `\hobx'), type `I' and the correct
spelling (e.g., `I\hbox'). Otherwise just continue,
and I'll forget about whatever was undefined.

)
\tf@lot=\write7
\openout7 = `04-dynamic-doc.lot'.


! Undefined control sequence.
\set@color ...\@pdfcolorstack push{\current@color 
                                                  }\aftergroup \reset@color 
l.105 \newpage
              
The control sequence at the end of the top line
of your error message was never \def'ed. If you have
misspelled it (e.g., `\hobx'), type `I' and the correct
spelling (e.g., `I\hbox'). Otherwise just continue,
and I'll forget about whatever was undefined.

! Undefined control sequence.
\set@color ...\@pdfcolorstack push{\current@color 
                                                  }\aftergroup \reset@color 
l.105 \newpage
              
The control sequence at the end of the top line
of your error message was never \def'ed. If you have
misspelled it (e.g., `\hobx'), type `I' and the correct
spelling (e.g., `I\hbox'). Otherwise just continue,
and I'll forget about whatever was undefined.

[3]
Package biblatex Info: Trying to load language 'english'...
Package biblatex Info: ... file 'english.lbx' not found.


! Package biblatex Error: Language 'english' not found.

See the biblatex package documentation for explanation.
Type  H <return>  for immediate help.
 ...                                              
                                                  
l.107 \begin{document}
                      
The localization module for 'english' could not be found.

\@quotelevel=\count221
\@quotereset=\count222
(./04-dynamic-doc.aux

LaTeX Warning: Label `tab' multiply defined.


LaTeX Warning: Label `tab' multiply defined.


LaTeX Warning: Label `nnet' multiply defined.


LaTeX Warning: Label `tab' multiply defined.

)
\openout1 = `04-dynamic-doc.aux'.

LaTeX Font Info:    Checking defaults for OML/cmm/m/it on input line 107.
LaTeX Font Info:    ... okay on input line 107.
LaTeX Font Info:    Checking defaults for T1/cmr/m/n on input line 107.
LaTeX Font Info:    ... okay on input line 107.
LaTeX Font Info:    Checking defaults for OT1/cmr/m/n on input line 107.
LaTeX Font Info:    ... okay on input line 107.
LaTeX Font Info:    Checking defaults for OMS/cmsy/m/n on input line 107.
LaTeX Font Info:    ... okay on input line 107.
LaTeX Font Info:    Checking defaults for OMX/cmex/m/n on input line 107.
LaTeX Font Info:    ... okay on input line 107.
LaTeX Font Info:    Checking defaults for U/cmr/m/n on input line 107.
LaTeX Font Info:    ... okay on input line 107.
 (/usr/share/texlive/texmf-dist/tex/context/base/supp-pdf.mkii
[Loading MPS to PDF converter (version 2006.09.02).]
\scratchcounter=\count223
\scratchdimen=\dimen176
\scratchbox=\box37
\nofMPsegments=\count224
\nofMParguments=\count225
\everyMPshowfont=\toks28
\MPscratchCnt=\count226
\MPscratchDim=\dimen177
\MPnumerator=\count227
\makeMPintoPDFobject=\count228
\everyMPtoPDFconversion=\toks29
) (/usr/share/texlive/texmf-dist/tex/generic/oberdiek/pdftexcmds.sty
Package: pdftexcmds 2011/11/29 v0.20 Utility functions of pdfTeX for LuaTeX (HO
)

(/usr/share/texlive/texmf-dist/tex/generic/oberdiek/ifluatex.sty
Package: ifluatex 2010/03/01 v1.3 Provides the ifluatex switch (HO)
Package ifluatex Info: LuaTeX not detected.
)
Package pdftexcmds Info: LuaTeX not detected.
Package pdftexcmds Info: \pdf@primitive is available.
Package pdftexcmds Info: \pdf@ifprimitive is available.
Package pdftexcmds Info: \pdfdraftmode found.
)
(/usr/share/texlive/texmf-dist/tex/latex/oberdiek/epstopdf-base.sty
Package: epstopdf-base 2010/02/09 v2.5 Base part for package epstopdf

(/usr/share/texlive/texmf-dist/tex/latex/oberdiek/grfext.sty
Package: grfext 2010/08/19 v1.1 Manage graphics extensions (HO)

(/usr/share/texlive/texmf-dist/tex/generic/oberdiek/kvdefinekeys.sty
Package: kvdefinekeys 2011/04/07 v1.3 Define keys (HO)
))
(/usr/share/texlive/texmf-dist/tex/latex/oberdiek/kvoptions.sty
Package: kvoptions 2011/06/30 v3.11 Key value format for package options (HO)

(/usr/share/texlive/texmf-dist/tex/generic/oberdiek/kvsetkeys.sty
Package: kvsetkeys 2012/04/25 v1.16 Key value parser (HO)

(/usr/share/texlive/texmf-dist/tex/generic/oberdiek/etexcmds.sty
Package: etexcmds 2011/02/16 v1.5 Avoid name clashes with e-TeX commands (HO)
Package etexcmds Info: Could not find \expanded.
(etexcmds)             That can mean that you are not using pdfTeX 1.50 or
(etexcmds)             that some package has redefined \expanded.
(etexcmds)             In the latter case, load this package earlier.
)))
Package grfext Info: Graphics extension search list:
(grfext)             [.png,.pdf,.jpg,.mps,.jpeg,.jbig2,.jb2,.PNG,.PDF,.JPG,.JPE
G,.JBIG2,.JB2,.eps]
(grfext)             \AppendGraphicsExtensions on input line 452.

(/usr/share/texlive/texmf-dist/tex/latex/latexconfig/epstopdf-sys.cfg
File: epstopdf-sys.cfg 2010/07/13 v1.3 Configuration of (r)epstopdf for TeX Liv
e
))
*geometry* driver: auto-detecting
*geometry* detected driver: pdftex
*geometry* verbose mode - [ preamble ] result:
* driver: pdftex
* paper: <default>
* layout: <same size as paper>
* layoutoffset:(h,v)=(0.0pt,0.0pt)
* modes: 
* h-part:(L,W,R)=(72.26999pt, 469.75502pt, 72.26999pt)
* v-part:(T,H,B)=(72.26999pt, 650.43001pt, 72.26999pt)
* \paperwidth=614.295pt
* \paperheight=794.96999pt
* \textwidth=469.75502pt
* \textheight=650.43001pt
* \oddsidemargin=0.0pt
* \evensidemargin=0.0pt
* \topmargin=-37.0pt
* \headheight=12.0pt
* \headsep=25.0pt
* \topskip=10.0pt
* \footskip=30.0pt
* \marginparwidth=65.0pt
* \marginparsep=11.0pt
* \columnsep=10.0pt
* \skip\footins=9.0pt plus 4.0pt minus 2.0pt
* \hoffset=0.0pt
* \voffset=0.0pt
* \mag=1000
* \@twocolumnfalse
* \@twosidefalse
* \@mparswitchfalse
* \@reversemarginfalse
* (1in=72.27pt=25.4mm, 1cm=28.453pt)

ABD: EveryShipout initializing macros
Package biblatex Info: No input encoding detected.
(biblatex)             Assuming 'ascii'.
Package biblatex Info: Automatic encoding selection.
(biblatex)             Assuming data encoding 'ascii'.
\openout4 = `04-dynamic-doc-blx.bib'.

Package biblatex Info: Trying to load bibliographic data...
Package biblatex Info: ... file '04-dynamic-doc.bbl' not found.

No file 04-dynamic-doc.bbl.
Package biblatex Info: Reference section=0 on input line 107.
Package biblatex Info: Reference segment=0 on input line 107.

Underfull \hbox (badness 10000) in paragraph at lines 120--123

 []


Underfull \hbox (badness 10000) in paragraph at lines 130--142

 []


! Package biblatex Error: Command '\cite' undefined.

See the biblatex package documentation for explanation.
Type  H <return>  for immediate help.
 ...                                              
                                                  
l.153 ...e::UCI Machine Learning Repository) \cite
                                                  {[2]} is using.
The citation command '\cite' has not been defined
by the selected citation style.

[4]

! Package biblatex Error: Command '\cite' undefined.

See the biblatex package documentation for explanation.
Type  H <return>  for immediate help.
 ...                                              
                                                  
l.155 ...,Irvine)Machine Learning Repository \cite
                                                  {[2]}, was used in this st...

The citation command '\cite' has not been defined
by the selected citation style.


Underfull \hbox (badness 10000) in paragraph at lines 156--157

 []


Package xcolor Warning: Incompatible color definition on input line 159.

LaTeX Font Info:    Font shape `OT1/cmtt/bx/n' in size <10> not available
(Font)              Font shape `OT1/cmtt/m/n' tried instead on input line 161.
[5]
Underfull \hbox (badness 10000) in paragraph at lines 201--202

 []


Package xcolor Warning: Incompatible color definition on input line 211.


! Package biblatex Error: Command '\cite' undefined.

See the biblatex package documentation for explanation.
Type  H <return>  for immediate help.
 ...                                              
                                                  
l.265 ...pplied for interval and normal data \cite
                                                  {[3]} here, Below code sni...

The citation command '\cite' has not been defined
by the selected citation style.


Package xcolor Warning: Incompatible color definition on input line 267.

[6]
Overfull \vbox (0.76712pt too high) detected at line 310
 []

[7]

! Package biblatex Error: Command '\cite' undefined.

See the biblatex package documentation for explanation.
Type  H <return>  for immediate help.
 ...                                              
                                                  
l.353 ...eigenvalues of the covariance matrix\cite
                                                  {[5]}. The importants of c...

The citation command '\cite' has not been defined
by the selected citation style.

<pca.png, id=35, 1368.11125pt x 705.63625pt>
File: pca.png Graphic file (type png)
 <use pca.png>
Package pdftex.def Info: pca.png used on input line 356.
(pdftex.def)             Requested size: 547.23482pt x 282.2495pt.

Overfull \hbox (77.4798pt too wide) in paragraph at lines 356--357
 [] 
 []


LaTeX Warning: `h' float specifier changed to `ht'.


Package xcolor Warning: Incompatible color definition on input line 364.


Package xcolor Warning: Incompatible color definition on input line 385.

[8]
Overfull \hbox (28.99063pt too wide) in paragraph at lines 389--389
[][]\OT1/cmtt/m/n/10 dataset[[[][]"R01_credibility"[][]]][] []<-[] []( dataset[
[[][]"credibility"[][]]][] []-[] []1.000000[][])[][]/[][]abs[][]([][]2.000000[]
 []-[] []1.000000[][])[][] 
 []


Package xcolor Warning: Incompatible color definition on input line 395.


! Package biblatex Error: Command '\cite' undefined.

See the biblatex package documentation for explanation.
Type  H <return>  for immediate help.
 ...                                              
                                                  
l.408 .... Here we are using \textit{ubOver} \cite
                                                  {[1]} function for oversam...

The citation command '\cite' has not been defined
by the selected citation style.


Package xcolor Warning: Incompatible color definition on input line 412.

[9 <./pca.png>]

Package xcolor Warning: Incompatible color definition on input line 435.

! Illegal unit of measure (pt inserted).
<to be read again> 
                   \relax 
l.457 \par \hspace{0.5}
                       The logistic regression model links the predictor var...
Dimensions can be in units of em, ex, in, pt, pc,
cm, mm, dd, cc, nd, nc, bp, or sp; but yours is a new one!
I'll assume that you meant to say pt, for printer's points.
To recover gracefully from this error, it's best to
delete the erroneous units; e.g., type `2' to delete
two letters. (See Chapter 27 of The TeXbook.)


Package xcolor Warning: Incompatible color definition on input line 473.

[10]

! LaTeX Error: There's no line here to end.

See the LaTeX manual or LaTeX Companion for explanation.
Type  H <return>  for immediate help.
 ...                                              
                                                  
l.487 \\ T
          he regression model built. The code below estimates a logistic reg...

Your command was ignored.
Type  I <command> <return>  to replace it with another command,
or  <return>  to continue without it.


Package xcolor Warning: Incompatible color definition on input line 489.


! LaTeX Error: There's no line here to end.

See the LaTeX manual or LaTeX Companion for explanation.
Type  H <return>  for immediate help.
 ...                                              
                                                  
l.541 \\ W
          hen developing models for prediction, the most critical metric reg...

Your command was ignored.
Type  I <command> <return>  to replace it with another command,
or  <return>  to continue without it.


Package xcolor Warning: Incompatible color definition on input line 543.

[11]

Package xcolor Warning: Incompatible color definition on input line 558.

<figure/unnamed-chunk-18-1.pdf, id=52, 578.16pt x 361.35pt>
File: figure/unnamed-chunk-18-1.pdf Graphic file (type pdf)

<use figure/unnamed-chunk-18-1.pdf>
Package pdftex.def Info: figure/unnamed-chunk-18-1.pdf used on input line 563.
(pdftex.def)             Requested size: 469.75502pt x 293.59616pt.


Package xcolor Warning: Incompatible color definition on input line 576.

[12 <./figure/unnamed-chunk-18-1.pdf>]

Package xcolor Warning: Incompatible color definition on input line 596.


Package xcolor Warning: Incompatible color definition on input line 610.


Package xcolor Warning: Incompatible color definition on input line 627.

<figure/unnamed-chunk-25-1.pdf, id=61, 361.35pt x 216.81pt>
File: figure/unnamed-chunk-25-1.pdf Graphic file (type pdf)

<use figure/unnamed-chunk-25-1.pdf>
Package pdftex.def Info: figure/unnamed-chunk-25-1.pdf used on input line 632.
(pdftex.def)             Requested size: 361.34912pt x 216.80946pt.


Package xcolor Warning: Incompatible color definition on input line 648.

[13 <./figure/unnamed-chunk-25-1.pdf>]

Package xcolor Warning: Incompatible color definition on input line 670.

LaTeX Font Info:    Try loading font information for OMS+cmtt on input line 675
.
(/usr/share/R/share/texmf/tex/latex/omscmtt.fd
File: omscmtt.fd 
)
LaTeX Font Info:    Font shape `OMS/cmtt/m/n' in size <10> not available
(Font)              Font shape `OMS/cmsy/m/n' tried instead on input line 675.


Package xcolor Warning: Incompatible color definition on input line 700.

[14]

Package xcolor Warning: Incompatible color definition on input line 754.


Package xcolor Warning: Incompatible color definition on input line 762.


Package xcolor Warning: Incompatible color definition on input line 770.

[15]

! Package biblatex Error: Command '\cite' undefined.

See the biblatex package documentation for explanation.
Type  H <return>  for immediate help.
 ...                                              
                                                  
l.797 ...its of smaller and smaller data sets\cite
                                                  {[4]}.\par
The citation command '\cite' has not been defined
by the selected citation style.


Package xcolor Warning: Incompatible color definition on input line 802.


Package xcolor Warning: Incompatible color definition on input line 819.

[16]

Package xcolor Warning: Incompatible color definition on input line 882.

[17]
Underfull \vbox (badness 10000) detected at line 1005
 []


Underfull \vbox (badness 10000) detected at line 1005
 []

[18]

Package xcolor Warning: Incompatible color definition on input line 1009.

<figure/unnamed-chunk-36-1.pdf, id=87, 722.7pt x 289.08pt>
File: figure/unnamed-chunk-36-1.pdf Graphic file (type pdf)

<use figure/unnamed-chunk-36-1.pdf>
Package pdftex.def Info: figure/unnamed-chunk-36-1.pdf used on input line 1014.

(pdftex.def)             Requested size: 469.75502pt x 187.90417pt.


Package xcolor Warning: Incompatible color definition on input line 1021.


Package xcolor Warning: Incompatible color definition on input line 1029.

[19]

Package xcolor Warning: Incompatible color definition on input line 1046.


Package xcolor Warning: Incompatible color definition on input line 1062.


Package xcolor Warning: Incompatible color definition on input line 1082.

<figure/unnamed-chunk-44-1.pdf, id=92, 578.16pt x 289.08pt>
File: figure/unnamed-chunk-44-1.pdf Graphic file (type pdf)

<use figure/unnamed-chunk-44-1.pdf>
Package pdftex.def Info: figure/unnamed-chunk-44-1.pdf used on input line 1087.

(pdftex.def)             Requested size: 469.75502pt x 234.8769pt.


Package xcolor Warning: Incompatible color definition on input line 1096.

<figure/unnamed-chunk-46-1.pdf, id=93, 578.16pt x 289.08pt>
File: figure/unnamed-chunk-46-1.pdf Graphic file (type pdf)

<use figure/unnamed-chunk-46-1.pdf>
Package pdftex.def Info: figure/unnamed-chunk-46-1.pdf used on input line 1101.

(pdftex.def)             Requested size: 469.75502pt x 234.8769pt.


Package xcolor Warning: Incompatible color definition on input line 1110.

[20 <./figure/unnamed-chunk-36-1.pdf>] [21 <./figure/unnamed-chunk-44-1.pdf> <.
/figure/unnamed-chunk-46-1.pdf>]
Overfull \hbox (30.72675pt too wide) in paragraph at lines 1120--1120
[][]\OT1/cmtt/m/it/10 #rank returns the lowest order of position, returns the s
ample ranks of the values in a vector.[][] 
 []


Package xcolor Warning: Incompatible color definition on input line 1134.

[22]

Package xcolor Warning: Incompatible color definition on input line 1174.


Package xcolor Warning: Incompatible color definition on input line 1182.


Package xcolor Warning: Incompatible color definition on input line 1190.

<svm.JPG, id=120, 292.84406pt x 232.61906pt>
File: svm.JPG Graphic file (type jpg)
 <use svm.JPG>
Package pdftex.def Info: svm.JPG used on input line 1204.
(pdftex.def)             Requested size: 219.63249pt x 174.46385pt.


LaTeX Warning: `h' float specifier changed to `ht'.

[23]
! Missing $ inserted.
<inserted text> 
                $
l.1247 ...y correctly all the training examples x_
                                                  {i}.
I've inserted a begin-math/end-math symbol since I think
you left one out. Proceed, with fingers crossed.

! Missing $ inserted.
<inserted text> 
                $
l.1248 
       
I've inserted a begin-math/end-math symbol since I think
you left one out. Proceed, with fingers crossed.


Package xcolor Warning: Incompatible color definition on input line 1257.


Package xcolor Warning: Incompatible color definition on input line 1268.


Package xcolor Warning: Incompatible color definition on input line 1291.

[24 <./svm.JPG>]

Package xcolor Warning: Incompatible color definition on input line 1302.

<figure/unnamed-chunk-57-1.pdf, id=128, 578.16pt x 289.08pt>
File: figure/unnamed-chunk-57-1.pdf Graphic file (type pdf)

<use figure/unnamed-chunk-57-1.pdf>
Package pdftex.def Info: figure/unnamed-chunk-57-1.pdf used on input line 1307.

(pdftex.def)             Requested size: 469.75502pt x 234.8769pt.


Package xcolor Warning: Incompatible color definition on input line 1314.


Package xcolor Warning: Incompatible color definition on input line 1330.


Package xcolor Warning: Incompatible color definition on input line 1347.

[25 <./figure/unnamed-chunk-57-1.pdf>]

Package xcolor Warning: Incompatible color definition on input line 1371.


Package xcolor Warning: Incompatible color definition on input line 1411.

[26]

Package xcolor Warning: Incompatible color definition on input line 1419.


Package xcolor Warning: Incompatible color definition on input line 1427.


! Package biblatex Error: Command '\cite' undefined.

See the biblatex package documentation for explanation.
Type  H <return>  for immediate help.
 ...                                              
                                                  
l.1439 ... package \textit{nnet} is used here\cite
                                                  {[7]}.\par
The citation command '\cite' has not been defined
by the selected citation style.


Package xcolor Warning: Incompatible color definition on input line 1443.


Package xcolor Warning: Incompatible color definition on input line 1456.


Package xcolor Warning: Incompatible color definition on input line 1465.

[27] [28]

Package xcolor Warning: Incompatible color definition on input line 1546.


Package xcolor Warning: Incompatible color definition on input line 1562.


Package xcolor Warning: Incompatible color definition on input line 1579.

<figure/unnamed-chunk-75-1.pdf, id=147, 578.16pt x 289.08pt>
File: figure/unnamed-chunk-75-1.pdf Graphic file (type pdf)

<use figure/unnamed-chunk-75-1.pdf>
Package pdftex.def Info: figure/unnamed-chunk-75-1.pdf used on input line 1584.

(pdftex.def)             Requested size: 469.75502pt x 234.8769pt.


Package xcolor Warning: Incompatible color definition on input line 1593.


Package xcolor Warning: Incompatible color definition on input line 1602.

[29]
Underfull \vbox (badness 10000) detected at line 1638
 []


Underfull \vbox (badness 10000) detected at line 1638
 []

[30 <./figure/unnamed-chunk-75-1.pdf>]

Package xcolor Warning: Incompatible color definition on input line 1642.


Package xcolor Warning: Incompatible color definition on input line 1650.


Package xcolor Warning: Incompatible color definition on input line 1658.


! LaTeX Error: There's no line here to end.

See the LaTeX manual or LaTeX Companion for explanation.
Type  H <return>  for immediate help.
 ...                                              
                                                  
l.1667 
       
Your command was ignored.
Type  I <command> <return>  to replace it with another command,
or  <return>  to continue without it.


Package xcolor Warning: Incompatible color definition on input line 1670.


Overfull \hbox (165.48944pt too wide) in paragraph at lines 1672--1672
[][]\OT1/cmtt/m/n/10 dataset[] []<-[] []read.csv[][]([][]"/home/freestyler/outf
ile.csv"[][],[] []na.strings[][]=[][]c[][]([][]"."[][],[] []"NA"[][],[] []""[][
],[] []"?"[][]),[] []strip.white[][]=[][]TRUE[][],[] []encoding[][]=[][]"UTF-8"
[][])[][] 
 []


Package xcolor Warning: Incompatible color definition on input line 1678.


Package xcolor Warning: Incompatible color definition on input line 1690.


Package xcolor Warning: Incompatible color definition on input line 1704.


Package xcolor Warning: Incompatible color definition on input line 1715.


Overfull \hbox (28.99063pt too wide) in paragraph at lines 1718--1718
[][]\OT1/cmtt/m/n/10 modelFit[] []<-[] []pcaNNet[][](xtrain[,[] []1[][]:[][]20[
][]], ytrain,[] []thresh[][]=[][]0.95[][],[][]size[] []=[] []5[][],[] []linout[
] []=[] []TRUE[][],[] []trace[] []=[] []FALSE[][])[][] 
 []

[31]

! Package biblatex Error: Command '\cite' undefined.

See the biblatex package documentation for explanation.
Type  H <return>  for immediate help.
 ...                                              
                                                  
l.1732 ...he training data and then predicted\cite
                                                  {[8]}.
The citation command '\cite' has not been defined
by the selected citation style.


Package xcolor Warning: Incompatible color definition on input line 1734.


Package xcolor Warning: Incompatible color definition on input line 1744.


! Package biblatex Error: Command '\cite' undefined.

See the biblatex package documentation for explanation.
Type  H <return>  for immediate help.
 ...                                              
                                                  
l.1757 ...tive integer, and typically small) \cite
                                                  {[4]}.\par
The citation command '\cite' has not been defined
by the selected citation style.

[32]

Package xcolor Warning: Incompatible color definition on input line 1766.


Package xcolor Warning: Incompatible color definition on input line 1778.


Package xcolor Warning: Incompatible color definition on input line 1791.


Package xcolor Warning: Incompatible color definition on input line 1815.


Package xcolor Warning: Incompatible color definition on input line 1834.

[33]

Package xcolor Warning: Incompatible color definition on input line 1849.

<figure/unnamed-chunk-101-1.pdf, id=170, 578.16pt x 289.08pt>
File: figure/unnamed-chunk-101-1.pdf Graphic file (type pdf)

<use figure/unnamed-chunk-101-1.pdf>
Package pdftex.def Info: figure/unnamed-chunk-101-1.pdf used on input line 1854
.
(pdftex.def)             Requested size: 469.75502pt x 234.8769pt.


Package xcolor Warning: Incompatible color definition on input line 1862.


Package xcolor Warning: Incompatible color definition on input line 1874.

[34 <./figure/unnamed-chunk-101-1.pdf>]

Package xcolor Warning: Incompatible color definition on input line 1900.


Package xcolor Warning: Incompatible color definition on input line 1942.


Package xcolor Warning: Incompatible color definition on input line 1954.

[35]

Package xcolor Warning: Incompatible color definition on input line 1966.


! Package biblatex Error: Command '\cite' undefined.

See the biblatex package documentation for explanation.
Type  H <return>  for immediate help.
 ...                                              
                                                  
l.1979 ...tens or hundreds of decision trees \cite
                                                  {[5]}.\par
The citation command '\cite' has not been defined
by the selected citation style.


Package xcolor Warning: Incompatible color definition on input line 1984.


Package xcolor Warning: Incompatible color definition on input line 2000.


Overfull \hbox (622.23546pt too wide) in paragraph at lines 2017--2017
[]\OT1/cmtt/m/n/10 ##  randomForest(formula = as.factor(R01_credibility) ~ ., d
ata = dataset[sample,      c(input, target)], ntree = 500, mtry = 4, importance
 = TRUE,      replace = FALSE, na.action = randomForest::na.roughfix)[] 
 []


Package xcolor Warning: Incompatible color definition on input line 2022.

[36]

Package xcolor Warning: Incompatible color definition on input line 2048.


Package xcolor Warning: Incompatible color definition on input line 2078.

<figure/unnamed-chunk-114-1.pdf, id=186, 578.16pt x 433.62pt>
File: figure/unnamed-chunk-114-1.pdf Graphic file (type pdf)

<use figure/unnamed-chunk-114-1.pdf>
Package pdftex.def Info: figure/unnamed-chunk-114-1.pdf used on input line 2085
.
(pdftex.def)             Requested size: 469.75502pt x 352.31538pt.


! Package biblatex Error: Command '\cite' undefined.

See the biblatex package documentation for explanation.
Type  H <return>  for immediate help.
 ...                                              
                                                  
l.2090 \hspace{0.5cm} Gini importance \cite
                                           {[6]} : The variable importance m...

The citation command '\cite' has not been defined
by the selected citation style.


Package xcolor Warning: Incompatible color definition on input line 2093.

[37] [38 <./figure/unnamed-chunk-114-1.pdf>]

Package xcolor Warning: Incompatible color definition on input line 2102.

<figure/unnamed-chunk-117-1.pdf, id=200, 578.16pt x 289.08pt>
File: figure/unnamed-chunk-117-1.pdf Graphic file (type pdf)

<use figure/unnamed-chunk-117-1.pdf>
Package pdftex.def Info: figure/unnamed-chunk-117-1.pdf used on input line 2107
.
(pdftex.def)             Requested size: 469.75502pt x 234.8769pt.


Package xcolor Warning: Incompatible color definition on input line 2114.


Package xcolor Warning: Incompatible color definition on input line 2132.


Package xcolor Warning: Incompatible color definition on input line 2147.

[39 <./figure/unnamed-chunk-117-1.pdf>]

Package xcolor Warning: Incompatible color definition on input line 2156.


Package xcolor Warning: Incompatible color definition on input line 2196.


Package xcolor Warning: Incompatible color definition on input line 2204.


Package xcolor Warning: Incompatible color definition on input line 2212.

[40] <ROc.png, id=212, 398.48875pt x 380.42125pt>
File: ROc.png Graphic file (type png)
 <use ROc.png>
Package pdftex.def Info: ROc.png used on input line 2224.
(pdftex.def)             Requested size: 318.79143pt x 304.3374pt.
 [41 <./ROc.png (PNG copy)>]

! Package biblatex Error: Command '\cite' undefined.

See the biblatex package documentation for explanation.
Type  H <return>  for immediate help.
 ...                                              
                                                  
l.2298 ...ace{0.5cm}The dataset information, \cite
                                                  {[2]} mentioned "It is wor...

The citation command '\cite' has not been defined
by the selected citation style.

[42]
Underfull \hbox (badness 10000) in paragraph at lines 2348--2353
[]\OT1/cmr/m/n/10 Leo Breiman, Adele Cut-ler and Andy Liaw, Matthew Wiener, \OT
1/cmr/m/it/10 Breiman and Cut-ler's
 []


Underfull \hbox (badness 10000) in paragraph at lines 2348--2353
\OT1/cmr/m/it/10 Ran-dom Forests for Clas-si-fi-ca-tion and Re-gres-sion\OT1/cm
r/m/n/10 , Ver-sion 4.6-12, Repos-i-tory CRAN,
 []

[43]

! LaTeX Error: There's no line here to end.

See the LaTeX manual or LaTeX Companion for explanation.
Type  H <return>  for immediate help.
 ...                                              
                                                  
l.2372 {\Large\textbf{Appendix}}\\\\
                                    
Your command was ignored.
Type  I <command> <return>  to replace it with another command,
or  <return>  to continue without it.

! Undefined control sequence.
<recently read> \<
                  
l.2380 A11 : ... $\<
                     $0 DM\\
The control sequence at the end of the top line
of your error message was never \def'ed. If you have
misspelled it (e.g., `\hobx'), type `I' and the correct
spelling (e.g., `I\hbox'). Otherwise just continue,
and I'll forget about whatever was undefined.

! Undefined control sequence.
<recently read> \<
                  
l.2381 A12 : 0 $\leq$ ... $\<
                             $ 200 DM\\
The control sequence at the end of the top line
of your error message was never \def'ed. If you have
misspelled it (e.g., `\hobx'), type `I' and the correct
spelling (e.g., `I\hbox'). Otherwise just continue,
and I'll forget about whatever was undefined.

! Undefined control sequence.
l.2409 A47 : (vacation - does not exist\?
                                         )\\
The control sequence at the end of the top line
of your error message was never \def'ed. If you have
misspelled it (e.g., `\hobx'), type `I' and the correct
spelling (e.g., `I\hbox'). Otherwise just continue,
and I'll forget about whatever was undefined.

! Undefined control sequence.
<recently read> \<
                  
l.2421 A61 : ... $\<
                    $ 100 DM
The control sequence at the end of the top line
of your error message was never \def'ed. If you have
misspelled it (e.g., `\hobx'), type `I' and the correct
spelling (e.g., `I\hbox'). Otherwise just continue,
and I'll forget about whatever was undefined.

! Undefined control sequence.
<recently read> \<
                  
l.2422 A62 : 100 $\leq$ ... $\<
                               $ 500 DM\\
The control sequence at the end of the top line
of your error message was never \def'ed. If you have
misspelled it (e.g., `\hobx'), type `I' and the correct
spelling (e.g., `I\hbox'). Otherwise just continue,
and I'll forget about whatever was undefined.

! Undefined control sequence.
<recently read> \<
                  
l.2423 A63 : 500 $\leq$ ... $\<
                               $ 1000 DM\\
The control sequence at the end of the top line
of your error message was never \def'ed. If you have
misspelled it (e.g., `\hobx'), type `I' and the correct
spelling (e.g., `I\hbox'). Otherwise just continue,
and I'll forget about whatever was undefined.

! Undefined control sequence.
<recently read> \<
                  
l.2432 A72 : ... $\<
                    $ 1 year\\
The control sequence at the end of the top line
of your error message was never \def'ed. If you have
misspelled it (e.g., `\hobx'), type `I' and the correct
spelling (e.g., `I\hbox'). Otherwise just continue,
and I'll forget about whatever was undefined.

! Undefined control sequence.
<recently read> \<
                  
l.2433 A73 : 1 $\leq$ ... $\<
                             $ 4 years\\
The control sequence at the end of the top line
of your error message was never \def'ed. If you have
misspelled it (e.g., `\hobx'), type `I' and the correct
spelling (e.g., `I\hbox'). Otherwise just continue,
and I'll forget about whatever was undefined.

! Undefined control sequence.
<recently read> \<
                  
l.2434 A74 : 4 $\leq$ ... $\<
                             $ 7 years\\
The control sequence at the end of the top line
of your error message was never \def'ed. If you have
misspelled it (e.g., `\hobx'), type `I' and the correct
spelling (e.g., `I\hbox'). Otherwise just continue,
and I'll forget about whatever was undefined.


Underfull \hbox (badness 10000) in paragraph at lines 2375--2525

 []


Underfull \hbox (badness 10000) in paragraph at lines 2375--2525

 []


Underfull \hbox (badness 10000) in paragraph at lines 2375--2525

 []


Underfull \hbox (badness 10000) in paragraph at lines 2375--2525

 []


Underfull \hbox (badness 10000) in paragraph at lines 2375--2525

 []


Underfull \hbox (badness 10000) in paragraph at lines 2375--2525

 []


Underfull \hbox (badness 10000) in paragraph at lines 2375--2525

 []


Underfull \hbox (badness 10000) in paragraph at lines 2375--2525

 []


Underfull \hbox (badness 10000) in paragraph at lines 2375--2525

 []


Underfull \hbox (badness 10000) in paragraph at lines 2375--2525

 []


Underfull \hbox (badness 10000) in paragraph at lines 2375--2525

 []


Underfull \hbox (badness 10000) in paragraph at lines 2375--2525

 []


Underfull \hbox (badness 10000) in paragraph at lines 2375--2525

 []


Underfull \hbox (badness 10000) in paragraph at lines 2375--2525

 []


Underfull \hbox (badness 10000) in paragraph at lines 2375--2525

 []


Underfull \hbox (badness 10000) in paragraph at lines 2375--2525

 []


Underfull \hbox (badness 10000) in paragraph at lines 2375--2525

 []


Underfull \hbox (badness 10000) in paragraph at lines 2375--2525

 []


Underfull \hbox (badness 10000) in paragraph at lines 2375--2525

 []


Underfull \hbox (badness 10000) in paragraph at lines 2375--2525

 []


Underfull \hbox (badness 10000) in paragraph at lines 2375--2525

 []

[44] [45] [46] (./04-dynamic-doc.aux)

LaTeX Warning: There were multiply-defined labels.

Package logreq Info: Writing requests to '04-dynamic-doc.run.xml'.
\openout1 = `04-dynamic-doc.run.xml'.

 ) 
Here is how much of TeX's memory you used:
 15516 strings out of 495020
 297713 string characters out of 6181324
 380455 words of memory out of 5000000
 18445 multiletter control sequences out of 15000+600000
 6199 words of font info for 23 fonts, out of 8000000 for 9000
 14 hyphenation exceptions out of 8191
 55i,10n,54p,1217b,289s stack positions out of 5000i,500n,10000p,200000b,80000s
</usr/share/texlive/texmf-dist/fonts/type1/public/amsfonts/cm/cmbx10.pfb></us
r/share/texlive/texmf-dist/fonts/type1/public/amsfonts/cm/cmbx12.pfb></usr/shar
e/texlive/texmf-dist/fonts/type1/public/amsfonts/cm/cmbxti10.pfb></usr/share/te
xlive/texmf-dist/fonts/type1/public/amsfonts/cm/cmex10.pfb></usr/share/texlive/
texmf-dist/fonts/type1/public/amsfonts/cm/cmitt10.pfb></usr/share/texlive/texmf
-dist/fonts/type1/public/amsfonts/cm/cmmi10.pfb></usr/share/texlive/texmf-dist/
fonts/type1/public/amsfonts/cm/cmmi7.pfb></usr/share/texlive/texmf-dist/fonts/t
ype1/public/amsfonts/cm/cmr10.pfb></usr/share/texlive/texmf-dist/fonts/type1/pu
blic/amsfonts/cm/cmr5.pfb></usr/share/texlive/texmf-dist/fonts/type1/public/ams
fonts/cm/cmr7.pfb></usr/share/texlive/texmf-dist/fonts/type1/public/amsfonts/cm
/cmsy10.pfb></usr/share/texlive/texmf-dist/fonts/type1/public/amsfonts/cm/cmti1
0.pfb></usr/share/texlive/texmf-dist/fonts/type1/public/amsfonts/cm/cmtt10.pfb>

Output written on 04-dynamic-doc.pdf (46 pages, 512638 bytes).
PDF statistics:
 276 PDF objects out of 1000 (max. 8388607)
 189 compressed objects within 2 object streams
 0 named destinations out of 1000 (max. 500000)
 83 words of extra memory for PDF output out of 10000 (max. 10000000)

